# JRE version: Java(TM) SE Runtime Environment (8.0_102-b14) (build 1.8.0_102-b14)
# Java VM: Java HotSpot(TM) 64-Bit Server VM (25.102-b14 mixed mode windows-amd64 compressed oops)
Heap:
 PSYoungGen      total 203776K, used 48696K [0x00000000e0000000, 0x00000000ee000000, 0x0000000100000000)
  eden space 178176K, 12% used [0x00000000e0000000,0x00000000e1691648,0x00000000eae00000)
  from space 25600K, 99% used [0x00000000eae00000,0x00000000ec6fc9e0,0x00000000ec700000)
  to   space 17920K, 0% used [0x00000000ece80000,0x00000000ece80000,0x00000000ee000000)
 ParOldGen       total 171520K, used 45774K [0x00000000a0000000, 0x00000000aa780000, 0x00000000e0000000)
  object space 171520K, 26% used [0x00000000a0000000,0x00000000a2cb3998,0x00000000aa780000)
 Metaspace       used 66605K, capacity 68546K, committed 68824K, reserved 1110016K
  class space    used 8508K, capacity 8872K, committed 8920K, reserved 1048576K
GC Heap History (10 events):
Event: 6.604 GC heap before
{Heap before GC invocations=12 (full 2):
 PSYoungGen      total 138752K, used 138723K [0x00000000e0000000, 0x00000000eb600000, 0x0000000100000000)
  eden space 125952K, 100% used [0x00000000e0000000,0x00000000e7b00000,0x00000000e7b00000)
  from space 12800K, 99% used [0x00000000e7b00000,0x00000000e8778c80,0x00000000e8780000)
  to   space 16896K, 0% used [0x00000000ea580000,0x00000000ea580000,0x00000000eb600000)
 ParOldGen       total 107520K, used 24244K [0x00000000a0000000, 0x00000000a6900000, 0x00000000e0000000)
  object space 107520K, 22% used [0x00000000a0000000,0x00000000a17ad1c0,0x00000000a6900000)
 Metaspace       used 52110K, capacity 53860K, committed 54104K, reserved 1095680K
  class space    used 7120K, capacity 7459K, committed 7512K, reserved 1048576K
Event: 6.617 GC heap after
Heap after GC invocations=12 (full 2):
 PSYoungGen      total 166912K, used 16883K [0x00000000e0000000, 0x00000000eba80000, 0x0000000100000000)
  eden space 150016K, 0% used [0x00000000e0000000,0x00000000e0000000,0x00000000e9280000)
  from space 16896K, 99% used [0x00000000ea580000,0x00000000eb5fcc90,0x00000000eb600000)
  to   space 19456K, 0% used [0x00000000e9280000,0x00000000e9280000,0x00000000ea580000)
 ParOldGen       total 107520K, used 26372K [0x00000000a0000000, 0x00000000a6900000, 0x00000000e0000000)
  object space 107520K, 24% used [0x00000000a0000000,0x00000000a19c1350,0x00000000a6900000)
 Metaspace       used 52110K, capacity 53860K, committed 54104K, reserved 1095680K
  class space    used 7120K, capacity 7459K, committed 7512K, reserved 1048576K
}
Event: 7.550 GC heap before
{Heap before GC invocations=13 (full 2):
 PSYoungGen      total 166912K, used 87352K [0x00000000e0000000, 0x00000000eba80000, 0x0000000100000000)
  eden space 150016K, 46% used [0x00000000e0000000,0x00000000e44d1448,0x00000000e9280000)
  from space 16896K, 99% used [0x00000000ea580000,0x00000000eb5fcc90,0x00000000eb600000)
  to   space 19456K, 0% used [0x00000000e9280000,0x00000000e9280000,0x00000000ea580000)
 ParOldGen       total 107520K, used 26372K [0x00000000a0000000, 0x00000000a6900000, 0x00000000e0000000)
  object space 107520K, 24% used [0x00000000a0000000,0x00000000a19c1350,0x00000000a6900000)
 Metaspace       used 57125K, capacity 58864K, committed 59028K, reserved 1099776K
  class space    used 7755K, capacity 8093K, committed 8152K, reserved 1048576K
Event: 7.576 GC heap after
Heap after GC invocations=13 (full 2):
 PSYoungGen      total 169472K, used 19429K [0x00000000e0000000, 0x00000000ee780000, 0x0000000100000000)
  eden space 150016K, 0% used [0x00000000e0000000,0x00000000e0000000,0x00000000e9280000)
  from space 19456K, 99% used [0x00000000e9280000,0x00000000ea579560,0x00000000ea580000)
  to   space 25600K, 0% used [0x00000000ece80000,0x00000000ece80000,0x00000000ee780000)
 ParOldGen       total 107520K, used 36004K [0x00000000a0000000, 0x00000000a6900000, 0x00000000e0000000)
  object space 107520K, 33% used [0x00000000a0000000,0x00000000a2329048,0x00000000a6900000)
 Metaspace       used 57125K, capacity 58864K, committed 59028K, reserved 1099776K
  class space    used 7755K, capacity 8093K, committed 8152K, reserved 1048576K
}
Event: 7.576 GC heap before
{Heap before GC invocations=14 (full 3):
 PSYoungGen      total 169472K, used 19429K [0x00000000e0000000, 0x00000000ee780000, 0x0000000100000000)
  eden space 150016K, 0% used [0x00000000e0000000,0x00000000e0000000,0x00000000e9280000)
  from space 19456K, 99% used [0x00000000e9280000,0x00000000ea579560,0x00000000ea580000)
  to   space 25600K, 0% used [0x00000000ece80000,0x00000000ece80000,0x00000000ee780000)
 ParOldGen       total 107520K, used 36004K [0x00000000a0000000, 0x00000000a6900000, 0x00000000e0000000)
  object space 107520K, 33% used [0x00000000a0000000,0x00000000a2329048,0x00000000a6900000)
 Metaspace       used 57125K, capacity 58864K, committed 59028K, reserved 1099776K
  class space    used 7755K, capacity 8093K, committed 8152K, reserved 1048576K
Event: 7.747 GC heap after
Heap after GC invocations=14 (full 3):
 PSYoungGen      total 169472K, used 0K [0x00000000e0000000, 0x00000000ee780000, 0x0000000100000000)
  eden space 150016K, 0% used [0x00000000e0000000,0x00000000e0000000,0x00000000e9280000)
  from space 19456K, 0% used [0x00000000e9280000,0x00000000e9280000,0x00000000ea580000)
  to   space 25600K, 0% used [0x00000000ece80000,0x00000000ece80000,0x00000000ee780000)
 ParOldGen       total 171520K, used 45154K [0x00000000a0000000, 0x00000000aa780000, 0x00000000e0000000)
  object space 171520K, 26% used [0x00000000a0000000,0x00000000a2c18980,0x00000000aa780000)
 Metaspace       used 57115K, capacity 58836K, committed 59028K, reserved 1099776K
  class space    used 7751K, capacity 8087K, committed 8152K, reserved 1048576K
}
Event: 9.666 GC heap before
{Heap before GC invocations=15 (full 3):
 PSYoungGen      total 169472K, used 150016K [0x00000000e0000000, 0x00000000ee780000, 0x0000000100000000)
  eden space 150016K, 100% used [0x00000000e0000000,0x00000000e9280000,0x00000000e9280000)
  from space 19456K, 0% used [0x00000000e9280000,0x00000000e9280000,0x00000000ea580000)
  to   space 25600K, 0% used [0x00000000ece80000,0x00000000ece80000,0x00000000ee780000)
 ParOldGen       total 171520K, used 45154K [0x00000000a0000000, 0x00000000aa780000, 0x00000000e0000000)
  object space 171520K, 26% used [0x00000000a0000000,0x00000000a2c18980,0x00000000aa780000)
 Metaspace       used 66047K, capacity 67968K, committed 68056K, reserved 1107968K
  class space    used 8482K, capacity 8861K, committed 8920K, reserved 1048576K
Event: 9.675 GC heap after
Heap after GC invocations=15 (full 3):
 PSYoungGen      total 196096K, used 15060K [0x00000000e0000000, 0x00000000ee000000, 0x0000000100000000)
  eden space 178176K, 0% used [0x00000000e0000000,0x00000000e0000000,0x00000000eae00000)
  from space 17920K, 84% used [0x00000000ece80000,0x00000000edd35240,0x00000000ee000000)
  to   space 25600K, 0% used [0x00000000eae00000,0x00000000eae00000,0x00000000ec700000)
 ParOldGen       total 171520K, used 45162K [0x00000000a0000000, 0x00000000aa780000, 0x00000000e0000000)
  object space 171520K, 26% used [0x00000000a0000000,0x00000000a2c1a980,0x00000000aa780000)
 Metaspace       used 66047K, capacity 67968K, committed 68056K, reserved 1107968K
  class space    used 8482K, capacity 8861K, committed 8920K, reserved 1048576K
}
Event: 10.994 GC heap before
{Heap before GC invocations=16 (full 3):
 PSYoungGen      total 196096K, used 193236K [0x00000000e0000000, 0x00000000ee000000, 0x0000000100000000)
  eden space 178176K, 100% used [0x00000000e0000000,0x00000000eae00000,0x00000000eae00000)
  from space 17920K, 84% used [0x00000000ece80000,0x00000000edd35240,0x00000000ee000000)
  to   space 25600K, 0% used [0x00000000eae00000,0x00000000eae00000,0x00000000ec700000)
 ParOldGen       total 171520K, used 45162K [0x00000000a0000000, 0x00000000aa780000, 0x00000000e0000000)
  object space 171520K, 26% used [0x00000000a0000000,0x00000000a2c1a980,0x00000000aa780000)
 Metaspace       used 66537K, capacity 68482K, committed 68568K, reserved 1110016K
  class space    used 8506K, capacity 8872K, committed 8920K, reserved 1048576K
Event: 11.032 GC heap after
Heap after GC invocations=16 (full 3):
 PSYoungGen      total 203776K, used 25586K [0x00000000e0000000, 0x00000000ee000000, 0x0000000100000000)
  eden space 178176K, 0% used [0x00000000e0000000,0x00000000e0000000,0x00000000eae00000)
  from space 25600K, 99% used [0x00000000eae00000,0x00000000ec6fc9e0,0x00000000ec700000)
  to   space 17920K, 0% used [0x00000000ece80000,0x00000000ece80000,0x00000000ee000000)
 ParOldGen       total 171520K, used 45774K [0x00000000a0000000, 0x00000000aa780000, 0x00000000e0000000)
  object space 171520K, 26% used [0x00000000a0000000,0x00000000a2cb3998,0x00000000aa780000)
 Metaspace       used 66537K, capacity 68482K, committed 68568K, reserved 1110016K
  class space    used 8506K, capacity 8872K, committed 8920K, reserved 1048576K
}

