# JRE version: Java(TM) SE Runtime Environment (8.0_102-b14) (build 1.8.0_102-b14)
# Java VM: Java HotSpot(TM) 64-Bit Server VM (25.102-b14 mixed mode windows-amd64 compressed oops)
Heap:
 PSYoungGen      total 299008K, used 127955K [0x00000000e0000000, 0x00000000f4b00000, 0x0000000100000000)
  eden space 270336K, 36% used [0x00000000e0000000,0x00000000e60f55a8,0x00000000f0800000)
  from space 28672K, 99% used [0x00000000f0800000,0x00000000f23ff898,0x00000000f2400000)
  to   space 30208K, 0% used [0x00000000f2400000,0x00000000f2400000,0x00000000f4180000)
 ParOldGen       total 155136K, used 59526K [0x00000000a0000000, 0x00000000a9780000, 0x00000000e0000000)
  object space 155136K, 38% used [0x00000000a0000000,0x00000000a3a21af0,0x00000000a9780000)
 Metaspace       used 64188K, capacity 67354K, committed 67544K, reserved 1107968K
  class space    used 8592K, capacity 9186K, committed 9216K, reserved 1048576K
GC Heap History (10 events):
Event: 9.556 GC heap before
{Heap before GC invocations=14 (full 3):
 PSYoungGen      total 205824K, used 20671K [0x00000000e0000000, 0x00000000f2980000, 0x0000000100000000)
  eden space 181760K, 0% used [0x00000000e0000000,0x00000000e0000000,0x00000000eb180000)
  from space 24064K, 85% used [0x00000000eb180000,0x00000000ec5afff0,0x00000000ec900000)
  to   space 26112K, 0% used [0x00000000f1000000,0x00000000f1000000,0x00000000f2980000)
 ParOldGen       total 99328K, used 37645K [0x00000000a0000000, 0x00000000a6100000, 0x00000000e0000000)
  object space 99328K, 37% used [0x00000000a0000000,0x00000000a24c3580,0x00000000a6100000)
 Metaspace       used 56611K, capacity 58888K, committed 58968K, reserved 1099776K
  class space    used 7776K, capacity 8259K, committed 8320K, reserved 1048576K
Event: 10.082 GC heap after
Heap after GC invocations=14 (full 3):
 PSYoungGen      total 205824K, used 0K [0x00000000e0000000, 0x00000000f2980000, 0x0000000100000000)
  eden space 181760K, 0% used [0x00000000e0000000,0x00000000e0000000,0x00000000eb180000)
  from space 24064K, 0% used [0x00000000eb180000,0x00000000eb180000,0x00000000ec900000)
  to   space 26112K, 0% used [0x00000000f1000000,0x00000000f1000000,0x00000000f2980000)
 ParOldGen       total 155136K, used 42596K [0x00000000a0000000, 0x00000000a9780000, 0x00000000e0000000)
  object space 155136K, 27% used [0x00000000a0000000,0x00000000a29991e0,0x00000000a9780000)
 Metaspace       used 56611K, capacity 58888K, committed 58968K, reserved 1099776K
  class space    used 7776K, capacity 8259K, committed 8320K, reserved 1048576K
}
Event: 16.698 GC heap before
{Heap before GC invocations=15 (full 3):
 PSYoungGen      total 205824K, used 181760K [0x00000000e0000000, 0x00000000f2980000, 0x0000000100000000)
  eden space 181760K, 100% used [0x00000000e0000000,0x00000000eb180000,0x00000000eb180000)
  from space 24064K, 0% used [0x00000000eb180000,0x00000000eb180000,0x00000000ec900000)
  to   space 26112K, 0% used [0x00000000f1000000,0x00000000f1000000,0x00000000f2980000)
 ParOldGen       total 155136K, used 42596K [0x00000000a0000000, 0x00000000a9780000, 0x00000000e0000000)
  object space 155136K, 27% used [0x00000000a0000000,0x00000000a29991e0,0x00000000a9780000)
 Metaspace       used 61390K, capacity 63768K, committed 63960K, reserved 1103872K
  class space    used 8347K, capacity 8853K, committed 8960K, reserved 1048576K
Event: 16.707 GC heap after
Heap after GC invocations=15 (full 3):
 PSYoungGen      total 233984K, used 11405K [0x00000000e0000000, 0x00000000f1b80000, 0x0000000100000000)
  eden space 222208K, 0% used [0x00000000e0000000,0x00000000e0000000,0x00000000ed900000)
  from space 11776K, 96% used [0x00000000f1000000,0x00000000f1b234c0,0x00000000f1b80000)
  to   space 25088K, 0% used [0x00000000eea80000,0x00000000eea80000,0x00000000f0300000)
 ParOldGen       total 155136K, used 42604K [0x00000000a0000000, 0x00000000a9780000, 0x00000000e0000000)
  object space 155136K, 27% used [0x00000000a0000000,0x00000000a299b1e0,0x00000000a9780000)
 Metaspace       used 61390K, capacity 63768K, committed 63960K, reserved 1103872K
  class space    used 8347K, capacity 8853K, committed 8960K, reserved 1048576K
}
Event: 18.641 GC heap before
{Heap before GC invocations=16 (full 3):
 PSYoungGen      total 233984K, used 233613K [0x00000000e0000000, 0x00000000f1b80000, 0x0000000100000000)
  eden space 222208K, 100% used [0x00000000e0000000,0x00000000ed900000,0x00000000ed900000)
  from space 11776K, 96% used [0x00000000f1000000,0x00000000f1b234c0,0x00000000f1b80000)
  to   space 25088K, 0% used [0x00000000eea80000,0x00000000eea80000,0x00000000f0300000)
 ParOldGen       total 155136K, used 42604K [0x00000000a0000000, 0x00000000a9780000, 0x00000000e0000000)
  object space 155136K, 27% used [0x00000000a0000000,0x00000000a299b1e0,0x00000000a9780000)
 Metaspace       used 61603K, capacity 64024K, committed 64216K, reserved 1103872K
  class space    used 8351K, capacity 8853K, committed 8960K, reserved 1048576K
Event: 18.670 GC heap after
Heap after GC invocations=16 (full 3):
 PSYoungGen      total 265216K, used 25076K [0x00000000e0000000, 0x00000000f4180000, 0x0000000100000000)
  eden space 240128K, 0% used [0x00000000e0000000,0x00000000e0000000,0x00000000eea80000)
  from space 25088K, 99% used [0x00000000eea80000,0x00000000f02fd1d8,0x00000000f0300000)
  to   space 30208K, 0% used [0x00000000f2400000,0x00000000f2400000,0x00000000f4180000)
 ParOldGen       total 155136K, used 46695K [0x00000000a0000000, 0x00000000a9780000, 0x00000000e0000000)
  object space 155136K, 30% used [0x00000000a0000000,0x00000000a2d99d40,0x00000000a9780000)
 Metaspace       used 61603K, capacity 64024K, committed 64216K, reserved 1103872K
  class space    used 8351K, capacity 8853K, committed 8960K, reserved 1048576K
}
Event: 176.601 GC heap before
{Heap before GC invocations=17 (full 3):
 PSYoungGen      total 265216K, used 265204K [0x00000000e0000000, 0x00000000f4180000, 0x0000000100000000)
  eden space 240128K, 100% used [0x00000000e0000000,0x00000000eea80000,0x00000000eea80000)
  from space 25088K, 99% used [0x00000000eea80000,0x00000000f02fd1d8,0x00000000f0300000)
  to   space 30208K, 0% used [0x00000000f2400000,0x00000000f2400000,0x00000000f4180000)
 ParOldGen       total 155136K, used 46695K [0x00000000a0000000, 0x00000000a9780000, 0x00000000e0000000)
  object space 155136K, 30% used [0x00000000a0000000,0x00000000a2d99d40,0x00000000a9780000)
 Metaspace       used 63663K, capacity 66696K, committed 67032K, reserved 1107968K
  class space    used 8544K, capacity 9109K, committed 9216K, reserved 1048576K
Event: 176.612 GC heap after
Heap after GC invocations=17 (full 3):
 PSYoungGen      total 300544K, used 15375K [0x00000000e0000000, 0x00000000f4b00000, 0x0000000100000000)
  eden space 270336K, 0% used [0x00000000e0000000,0x00000000e0000000,0x00000000f0800000)
  from space 30208K, 50% used [0x00000000f2400000,0x00000000f3303c18,0x00000000f4180000)
  to   space 28672K, 0% used [0x00000000f0800000,0x00000000f0800000,0x00000000f2400000)
 ParOldGen       total 155136K, used 46703K [0x00000000a0000000, 0x00000000a9780000, 0x00000000e0000000)
  object space 155136K, 30% used [0x00000000a0000000,0x00000000a2d9bd40,0x00000000a9780000)
 Metaspace       used 63663K, capacity 66696K, committed 67032K, reserved 1107968K
  class space    used 8544K, capacity 9109K, committed 9216K, reserved 1048576K
}
Event: 178.026 GC heap before
{Heap before GC invocations=18 (full 3):
 PSYoungGen      total 300544K, used 285711K [0x00000000e0000000, 0x00000000f4b00000, 0x0000000100000000)
  eden space 270336K, 100% used [0x00000000e0000000,0x00000000f0800000,0x00000000f0800000)
  from space 30208K, 50% used [0x00000000f2400000,0x00000000f3303c18,0x00000000f4180000)
  to   space 28672K, 0% used [0x00000000f0800000,0x00000000f0800000,0x00000000f2400000)
 ParOldGen       total 155136K, used 46703K [0x00000000a0000000, 0x00000000a9780000, 0x00000000e0000000)
  object space 155136K, 30% used [0x00000000a0000000,0x00000000a2d9bd40,0x00000000a9780000)
 Metaspace       used 64079K, capacity 67214K, committed 67288K, reserved 1107968K
  class space    used 8591K, capacity 9184K, committed 9216K, reserved 1048576K
Event: 178.052 GC heap after
Heap after GC invocations=18 (full 3):
 PSYoungGen      total 299008K, used 28670K [0x00000000e0000000, 0x00000000f4b00000, 0x0000000100000000)
  eden space 270336K, 0% used [0x00000000e0000000,0x00000000e0000000,0x00000000f0800000)
  from space 28672K, 99% used [0x00000000f0800000,0x00000000f23ff898,0x00000000f2400000)
  to   space 30208K, 0% used [0x00000000f2400000,0x00000000f2400000,0x00000000f4180000)
 ParOldGen       total 155136K, used 59526K [0x00000000a0000000, 0x00000000a9780000, 0x00000000e0000000)
  object space 155136K, 38% used [0x00000000a0000000,0x00000000a3a21af0,0x00000000a9780000)
 Metaspace       used 64079K, capacity 67214K, committed 67288K, reserved 1107968K
  class space    used 8591K, capacity 9184K, committed 9216K, reserved 1048576K
}

